{"/home/luigi/Documentos/worldCupStickers-backend/src/services/stickerService.ts": {"path":"/home/luigi/Documentos/worldCupStickers-backend/src/services/stickerService.ts","statementMap":{"0":{"start":{"line":1,"column":0},"end":{"line":1,"column":71}},"1":{"start":{"line":7,"column":0},"end":{"line":7,"column":67}},"2":{"start":{"line":10,"column":19},"end":{"line":10,"column":57}},"3":{"start":{"line":11,"column":4},"end":{"line":11,"column":18}},"4":{"start":{"line":9,"column":0},"end":{"line":9,"column":22}},"5":{"start":{"line":15,"column":18},"end":{"line":15,"column":63}},"6":{"start":{"line":17,"column":4},"end":{"line":19,"column":null}},"7":{"start":{"line":18,"column":8},"end":{"line":18,"column":51}},"8":{"start":{"line":21,"column":23},"end":{"line":21,"column":78}},"9":{"start":{"line":22,"column":4},"end":{"line":22,"column":22}},"10":{"start":{"line":14,"column":0},"end":{"line":14,"column":22}},"11":{"start":{"line":29,"column":21},"end":{"line":29,"column":72}},"12":{"start":{"line":31,"column":4},"end":{"line":33,"column":null}},"13":{"start":{"line":32,"column":8},"end":{"line":32,"column":54}},"14":{"start":{"line":35,"column":17},"end":{"line":35,"column":60}},"15":{"start":{"line":37,"column":4},"end":{"line":39,"column":null}},"16":{"start":{"line":38,"column":8},"end":{"line":38,"column":50}},"17":{"start":{"line":41,"column":21},"end":{"line":42,"column":null}},"18":{"start":{"line":45,"column":61},"end":{"line":45,"column":63}},"19":{"start":{"line":47,"column":4},"end":{"line":61,"column":null}},"20":{"start":{"line":48,"column":26},"end":{"line":48,"column":36}},"21":{"start":{"line":51,"column":12},"end":{"line":51,"column":70}},"22":{"start":{"line":53,"column":8},"end":{"line":60,"column":null}},"23":{"start":{"line":54,"column":12},"end":{"line":54,"column":67}},"24":{"start":{"line":56,"column":12},"end":{"line":59,"column":15}},"25":{"start":{"line":63,"column":4},"end":{"line":63,"column":32}},"26":{"start":{"line":25,"column":0},"end":{"line":25,"column":22}},"27":{"start":{"line":67,"column":20},"end":{"line":67,"column":69}},"28":{"start":{"line":69,"column":4},"end":{"line":71,"column":null}},"29":{"start":{"line":70,"column":8},"end":{"line":70,"column":53}},"30":{"start":{"line":73,"column":17},"end":{"line":73,"column":60}},"31":{"start":{"line":75,"column":4},"end":{"line":77,"column":null}},"32":{"start":{"line":76,"column":8},"end":{"line":76,"column":50}},"33":{"start":{"line":80,"column":8},"end":{"line":80,"column":70}},"34":{"start":{"line":82,"column":4},"end":{"line":84,"column":null}},"35":{"start":{"line":83,"column":8},"end":{"line":83,"column":63}},"36":{"start":{"line":86,"column":28},"end":{"line":89,"column":6}},"37":{"start":{"line":91,"column":4},"end":{"line":91,"column":63}},"38":{"start":{"line":66,"column":0},"end":{"line":66,"column":22}},"39":{"start":{"line":95,"column":20},"end":{"line":95,"column":69}},"40":{"start":{"line":97,"column":4},"end":{"line":99,"column":null}},"41":{"start":{"line":98,"column":8},"end":{"line":98,"column":53}},"42":{"start":{"line":101,"column":17},"end":{"line":101,"column":60}},"43":{"start":{"line":103,"column":4},"end":{"line":105,"column":null}},"44":{"start":{"line":104,"column":8},"end":{"line":104,"column":50}},"45":{"start":{"line":108,"column":8},"end":{"line":108,"column":70}},"46":{"start":{"line":110,"column":4},"end":{"line":112,"column":null}},"47":{"start":{"line":111,"column":8},"end":{"line":111,"column":63}},"48":{"start":{"line":114,"column":4},"end":{"line":114,"column":65}},"49":{"start":{"line":94,"column":0},"end":{"line":94,"column":22}},"50":{"start":{"line":122,"column":20},"end":{"line":122,"column":69}},"51":{"start":{"line":124,"column":4},"end":{"line":126,"column":null}},"52":{"start":{"line":125,"column":8},"end":{"line":125,"column":53}},"53":{"start":{"line":128,"column":17},"end":{"line":128,"column":60}},"54":{"start":{"line":130,"column":4},"end":{"line":132,"column":null}},"55":{"start":{"line":131,"column":8},"end":{"line":131,"column":50}},"56":{"start":{"line":135,"column":8},"end":{"line":135,"column":70}},"57":{"start":{"line":137,"column":4},"end":{"line":139,"column":null}},"58":{"start":{"line":138,"column":8},"end":{"line":138,"column":63}},"59":{"start":{"line":141,"column":4},"end":{"line":141,"column":75}},"60":{"start":{"line":117,"column":0},"end":{"line":117,"column":22}}},"fnMap":{"0":{"name":"getAllGroups","decl":{"start":{"line":9,"column":22},"end":{"line":9,"column":34}},"loc":{"start":{"line":9,"column":34},"end":{"line":12,"column":null}}},"1":{"name":"getCategoriesByGroupId","decl":{"start":{"line":14,"column":22},"end":{"line":14,"column":44}},"loc":{"start":{"line":14,"column":60},"end":{"line":23,"column":null}}},"2":{"name":"getStickersWithQuantityByCategoryId","decl":{"start":{"line":25,"column":22},"end":{"line":25,"column":57}},"loc":{"start":{"line":27,"column":18},"end":{"line":64,"column":null}}},"3":{"name":"createStickerUser","decl":{"start":{"line":66,"column":22},"end":{"line":66,"column":39}},"loc":{"start":{"line":66,"column":73},"end":{"line":92,"column":null}}},"4":{"name":"deleteStickerUser","decl":{"start":{"line":94,"column":22},"end":{"line":94,"column":39}},"loc":{"start":{"line":94,"column":73},"end":{"line":115,"column":null}}},"5":{"name":"updateRepeated","decl":{"start":{"line":117,"column":22},"end":{"line":117,"column":36}},"loc":{"start":{"line":120,"column":20},"end":{"line":142,"column":null}}}},"branchMap":{"0":{"loc":{"start":{"line":17,"column":4},"end":{"line":19,"column":null}},"type":"if","locations":[{"start":{"line":17,"column":4},"end":{"line":19,"column":null}}]},"1":{"loc":{"start":{"line":31,"column":4},"end":{"line":33,"column":null}},"type":"if","locations":[{"start":{"line":31,"column":4},"end":{"line":33,"column":null}}]},"2":{"loc":{"start":{"line":37,"column":4},"end":{"line":39,"column":null}},"type":"if","locations":[{"start":{"line":37,"column":4},"end":{"line":39,"column":null}}]},"3":{"loc":{"start":{"line":53,"column":8},"end":{"line":60,"column":null}},"type":"if","locations":[{"start":{"line":53,"column":8},"end":{"line":60,"column":null}},{"start":{"line":55,"column":15},"end":{"line":60,"column":null}}]},"4":{"loc":{"start":{"line":69,"column":4},"end":{"line":71,"column":null}},"type":"if","locations":[{"start":{"line":69,"column":4},"end":{"line":71,"column":null}}]},"5":{"loc":{"start":{"line":75,"column":4},"end":{"line":77,"column":null}},"type":"if","locations":[{"start":{"line":75,"column":4},"end":{"line":77,"column":null}}]},"6":{"loc":{"start":{"line":82,"column":4},"end":{"line":84,"column":null}},"type":"if","locations":[{"start":{"line":82,"column":4},"end":{"line":84,"column":null}}]},"7":{"loc":{"start":{"line":97,"column":4},"end":{"line":99,"column":null}},"type":"if","locations":[{"start":{"line":97,"column":4},"end":{"line":99,"column":null}}]},"8":{"loc":{"start":{"line":103,"column":4},"end":{"line":105,"column":null}},"type":"if","locations":[{"start":{"line":103,"column":4},"end":{"line":105,"column":null}}]},"9":{"loc":{"start":{"line":110,"column":4},"end":{"line":112,"column":null}},"type":"if","locations":[{"start":{"line":110,"column":4},"end":{"line":112,"column":null}}]},"10":{"loc":{"start":{"line":124,"column":4},"end":{"line":126,"column":null}},"type":"if","locations":[{"start":{"line":124,"column":4},"end":{"line":126,"column":null}}]},"11":{"loc":{"start":{"line":130,"column":4},"end":{"line":132,"column":null}},"type":"if","locations":[{"start":{"line":130,"column":4},"end":{"line":132,"column":null}}]},"12":{"loc":{"start":{"line":137,"column":4},"end":{"line":139,"column":null}},"type":"if","locations":[{"start":{"line":137,"column":4},"end":{"line":139,"column":null}}]}},"s":{"0":1,"1":1,"2":0,"3":0,"4":1,"5":0,"6":0,"7":0,"8":0,"9":0,"10":1,"11":0,"12":0,"13":0,"14":0,"15":0,"16":0,"17":0,"18":0,"19":0,"20":0,"21":0,"22":0,"23":0,"24":0,"25":0,"26":1,"27":4,"28":4,"29":1,"30":3,"31":3,"32":1,"33":2,"34":2,"35":1,"36":1,"37":1,"38":1,"39":0,"40":0,"41":0,"42":0,"43":0,"44":0,"45":0,"46":0,"47":0,"48":0,"49":1,"50":0,"51":0,"52":0,"53":0,"54":0,"55":0,"56":0,"57":0,"58":0,"59":0,"60":1},"f":{"0":0,"1":0,"2":0,"3":4,"4":0,"5":0},"b":{"0":[0],"1":[0],"2":[0],"3":[0,0],"4":[1],"5":[1],"6":[1],"7":[0],"8":[0],"9":[0],"10":[0],"11":[0],"12":[0]}}
}
