TN:
SF:src/services/stickerService.ts
FN:9,getAllGroups
FN:14,getCategoriesByGroupId
FN:25,getStickersWithQuantityByCategoryId
FN:66,createStickerUser
FN:94,deleteStickerUser
FN:117,updateRepeated
FNF:6
FNH:1
FNDA:0,getAllGroups
FNDA:0,getCategoriesByGroupId
FNDA:0,getStickersWithQuantityByCategoryId
FNDA:4,createStickerUser
FNDA:0,deleteStickerUser
FNDA:0,updateRepeated
DA:1,1
DA:7,1
DA:9,1
DA:10,0
DA:11,0
DA:14,1
DA:15,0
DA:17,0
DA:18,0
DA:21,0
DA:22,0
DA:25,1
DA:29,0
DA:31,0
DA:32,0
DA:35,0
DA:37,0
DA:38,0
DA:41,0
DA:45,0
DA:47,0
DA:48,0
DA:51,0
DA:53,0
DA:54,0
DA:56,0
DA:63,0
DA:66,1
DA:67,4
DA:69,4
DA:70,1
DA:73,3
DA:75,3
DA:76,1
DA:80,2
DA:82,2
DA:83,1
DA:86,1
DA:91,1
DA:94,1
DA:95,0
DA:97,0
DA:98,0
DA:101,0
DA:103,0
DA:104,0
DA:108,0
DA:110,0
DA:111,0
DA:114,0
DA:117,1
DA:122,0
DA:124,0
DA:125,0
DA:128,0
DA:130,0
DA:131,0
DA:135,0
DA:137,0
DA:138,0
DA:141,0
LF:61
LH:19
BRDA:17,0,0,0
BRDA:31,1,0,0
BRDA:37,2,0,0
BRDA:53,3,0,0
BRDA:53,3,1,0
BRDA:69,4,0,1
BRDA:75,5,0,1
BRDA:82,6,0,1
BRDA:97,7,0,0
BRDA:103,8,0,0
BRDA:110,9,0,0
BRDA:124,10,0,0
BRDA:130,11,0,0
BRDA:137,12,0,0
BRF:14
BRH:3
end_of_record
